This file contains any messages produced by compilers while
running configure, to aid debugging if configure makes a mistake.

It was created by CovRegRF configure 2.0.0, which was
generated by GNU Autoconf 2.69.  Invocation command line was

  $ ./configure 

## --------- ##
## Platform. ##
## --------- ##

hostname = Cansus-MacBook-Pro.local
uname -m = x86_64
uname -r = 21.6.0
uname -s = Darwin
uname -v = Darwin Kernel Version 21.6.0: Mon Dec 19 20:44:01 PST 2022; root:xnu-8020.240.18~2/RELEASE_X86_64

/usr/bin/uname -p = i386
/bin/uname -X     = unknown

/bin/arch              = unknown
/usr/bin/arch -k       = unknown
/usr/convex/getsysinfo = unknown
/usr/bin/hostinfo      = Mach kernel version:
	 Darwin Kernel Version 21.6.0: Mon Dec 19 20:44:01 PST 2022; root:xnu-8020.240.18~2/RELEASE_X86_64
Kernel configured for up to 4 processors.
2 processors are physically available.
4 processors are logically available.
Processor type: x86_64h (Intel x86-64h Haswell)
Processors active: 0 1 2 3
Primary memory available: 8.00 gigabytes
Default processor set: 475 tasks, 1788 threads, 4 processors
Load average: 2.34, Mach factor: 2.04
/bin/machine           = unknown
/usr/bin/oslevel       = unknown
/bin/universe          = unknown

PATH: /usr/local/bin
PATH: /Users/cansualakus/bin
PATH: /Users/cansualakus/bin
PATH: /usr/local/bin
PATH: /usr/bin
PATH: /bin
PATH: /usr/sbin
PATH: /sbin
PATH: /Users/cansualakus/Applications/quarto/bin
PATH: /Library/TeX/texbin
PATH: /usr/texbin
PATH: /Applications/RStudio.app/Contents/Resources/app/quarto/bin
PATH: /Applications/RStudio.app/Contents/Resources/app/bin/postback


## ----------- ##
## Core tests. ##
## ----------- ##

configure:1857: checking for gcc
configure:1884: result: clang -mmacosx-version-min=10.13
configure:2113: checking for C compiler version
configure:2122: clang -mmacosx-version-min=10.13 --version >&5
Apple clang version 11.0.0 (clang-1100.0.33.16)
Target: x86_64-apple-darwin21.6.0
Thread model: posix
InstalledDir: /Library/Developer/CommandLineTools/usr/bin
configure:2133: $? = 0
configure:2122: clang -mmacosx-version-min=10.13 -v >&5
Apple clang version 11.0.0 (clang-1100.0.33.16)
Target: x86_64-apple-darwin21.6.0
Thread model: posix
InstalledDir: /Library/Developer/CommandLineTools/usr/bin
clang: warning: argument unused during compilation: '-mmacosx-version-min=10.13' [-Wunused-command-line-argument]
configure:2133: $? = 0
configure:2122: clang -mmacosx-version-min=10.13 -V >&5
clang: error: unsupported option '-V -Wno-framework-include-private-from-public'
clang: error: no input files
configure:2133: $? = 1
configure:2122: clang -mmacosx-version-min=10.13 -qversion >&5
clang: error: unknown argument '-qversion', did you mean '--version'?
clang: error: no input files
configure:2133: $? = 1
configure:2153: checking whether the C compiler works
configure:2175: clang -mmacosx-version-min=10.13 -Wall -g -O2   conftest.c  >&5
configure:2179: $? = 0
configure:2227: result: yes
configure:2230: checking for C compiler default output file name
configure:2232: result: a.out
configure:2238: checking for suffix of executables
configure:2245: clang -mmacosx-version-min=10.13 -o conftest -Wall -g -O2   conftest.c  >&5
configure:2249: $? = 0
configure:2271: result: 
configure:2293: checking whether we are cross compiling
configure:2301: clang -mmacosx-version-min=10.13 -o conftest -Wall -g -O2   conftest.c  >&5
configure:2305: $? = 0
configure:2312: ./conftest
configure:2316: $? = 0
configure:2331: result: no
configure:2336: checking for suffix of object files
configure:2358: clang -mmacosx-version-min=10.13 -c -Wall -g -O2  conftest.c >&5
configure:2362: $? = 0
configure:2383: result: o
configure:2387: checking whether we are using the GNU C compiler
configure:2406: clang -mmacosx-version-min=10.13 -c -Wall -g -O2  conftest.c >&5
configure:2406: $? = 0
configure:2415: result: yes
configure:2424: checking whether clang -mmacosx-version-min=10.13 accepts -g
configure:2444: clang -mmacosx-version-min=10.13 -c -g  conftest.c >&5
configure:2444: $? = 0
configure:2485: result: yes
configure:2502: checking for clang -mmacosx-version-min=10.13 option to accept ISO C89
configure:2565: clang -mmacosx-version-min=10.13  -c -Wall -g -O2  conftest.c >&5
configure:2565: $? = 0
configure:2578: result: none needed
configure:2599: checking for clang -mmacosx-version-min=10.13 option to support OpenMP
configure:2614: clang -mmacosx-version-min=10.13 -o conftest -Wall -g -O2   conftest.c  >&5
conftest.c:11:2: error: unknown type name 'choke'
 choke me
 ^
conftest.c:13:10: fatal error: 'omp.h' file not found
#include <omp.h>
         ^~~~~~~
2 errors generated.
configure:2614: $? = 1
configure: failed program was:
| /* confdefs.h */
| #define PACKAGE_NAME "CovRegRF"
| #define PACKAGE_TARNAME "CovRegRF"
| #define PACKAGE_VERSION "2.0.0"
| #define PACKAGE_STRING "CovRegRF 2.0.0"
| #define PACKAGE_BUGREPORT "cansu.alakus@hec.ca"
| #define PACKAGE_URL ""
| /* end confdefs.h.  */
| 
| #ifndef _OPENMP
|  choke me
| #endif
| #include <omp.h>
| int main () { return omp_get_num_threads (); }
| 
configure:2634: clang -mmacosx-version-min=10.13 -o conftest -Wall -g -O2 -fopenmp   conftest.c  >&5
clang: error: unsupported option '-fopenmp'
clang: error: unsupported option '-fopenmp'
configure:2634: $? = 1
configure: failed program was:
| /* confdefs.h */
| #define PACKAGE_NAME "CovRegRF"
| #define PACKAGE_TARNAME "CovRegRF"
| #define PACKAGE_VERSION "2.0.0"
| #define PACKAGE_STRING "CovRegRF 2.0.0"
| #define PACKAGE_BUGREPORT "cansu.alakus@hec.ca"
| #define PACKAGE_URL ""
| /* end confdefs.h.  */
| 
| #ifndef _OPENMP
|  choke me
| #endif
| #include <omp.h>
| int main () { return omp_get_num_threads (); }
| 
configure:2634: clang -mmacosx-version-min=10.13 -o conftest -Wall -g -O2 -xopenmp   conftest.c  >&5
clang: error: language not recognized: 'openmp'
configure:2634: $? = 1
configure: failed program was:
| /* confdefs.h */
| #define PACKAGE_NAME "CovRegRF"
| #define PACKAGE_TARNAME "CovRegRF"
| #define PACKAGE_VERSION "2.0.0"
| #define PACKAGE_STRING "CovRegRF 2.0.0"
| #define PACKAGE_BUGREPORT "cansu.alakus@hec.ca"
| #define PACKAGE_URL ""
| /* end confdefs.h.  */
| 
| #ifndef _OPENMP
|  choke me
| #endif
| #include <omp.h>
| int main () { return omp_get_num_threads (); }
| 
configure:2634: clang -mmacosx-version-min=10.13 -o conftest -Wall -g -O2 -qopenmp   conftest.c  >&5
clang: error: unknown argument '-qopenmp', did you mean '-fopenmp='?
configure:2634: $? = 1
configure: failed program was:
| /* confdefs.h */
| #define PACKAGE_NAME "CovRegRF"
| #define PACKAGE_TARNAME "CovRegRF"
| #define PACKAGE_VERSION "2.0.0"
| #define PACKAGE_STRING "CovRegRF 2.0.0"
| #define PACKAGE_BUGREPORT "cansu.alakus@hec.ca"
| #define PACKAGE_URL ""
| /* end confdefs.h.  */
| 
| #ifndef _OPENMP
|  choke me
| #endif
| #include <omp.h>
| int main () { return omp_get_num_threads (); }
| 
configure:2634: clang -mmacosx-version-min=10.13 -o conftest -Wall -g -O2 -openmp   conftest.c  >&5
conftest.c:11:2: error: unknown type name 'choke'
 choke me
 ^
conftest.c:13:10: fatal error: 'omp.h' file not found
#include <omp.h>
         ^~~~~~~
2 errors generated.
configure:2634: $? = 1
configure: failed program was:
| /* confdefs.h */
| #define PACKAGE_NAME "CovRegRF"
| #define PACKAGE_TARNAME "CovRegRF"
| #define PACKAGE_VERSION "2.0.0"
| #define PACKAGE_STRING "CovRegRF 2.0.0"
| #define PACKAGE_BUGREPORT "cansu.alakus@hec.ca"
| #define PACKAGE_URL ""
| /* end confdefs.h.  */
| 
| #ifndef _OPENMP
|  choke me
| #endif
| #include <omp.h>
| int main () { return omp_get_num_threads (); }
| 
configure:2634: clang -mmacosx-version-min=10.13 -o conftest -Wall -g -O2 -mp   conftest.c  >&5
clang: error: unknown argument '-mp', did you mean '-mtp='?
configure:2634: $? = 1
configure: failed program was:
| /* confdefs.h */
| #define PACKAGE_NAME "CovRegRF"
| #define PACKAGE_TARNAME "CovRegRF"
| #define PACKAGE_VERSION "2.0.0"
| #define PACKAGE_STRING "CovRegRF 2.0.0"
| #define PACKAGE_BUGREPORT "cansu.alakus@hec.ca"
| #define PACKAGE_URL ""
| /* end confdefs.h.  */
| 
| #ifndef _OPENMP
|  choke me
| #endif
| #include <omp.h>
| int main () { return omp_get_num_threads (); }
| 
configure:2634: clang -mmacosx-version-min=10.13 -o conftest -Wall -g -O2 -omp   conftest.c  >&5
conftest.c:11:2: error: unknown type name 'choke'
 choke me
 ^
conftest.c:13:10: fatal error: 'omp.h' file not found
#include <omp.h>
         ^~~~~~~
2 errors generated.
configure:2634: $? = 1
configure: failed program was:
| /* confdefs.h */
| #define PACKAGE_NAME "CovRegRF"
| #define PACKAGE_TARNAME "CovRegRF"
| #define PACKAGE_VERSION "2.0.0"
| #define PACKAGE_STRING "CovRegRF 2.0.0"
| #define PACKAGE_BUGREPORT "cansu.alakus@hec.ca"
| #define PACKAGE_URL ""
| /* end confdefs.h.  */
| 
| #ifndef _OPENMP
|  choke me
| #endif
| #include <omp.h>
| int main () { return omp_get_num_threads (); }
| 
configure:2634: clang -mmacosx-version-min=10.13 -o conftest -Wall -g -O2 -qsmp=omp   conftest.c  >&5
clang: error: unknown argument: '-qsmp=omp'
configure:2634: $? = 1
configure: failed program was:
| /* confdefs.h */
| #define PACKAGE_NAME "CovRegRF"
| #define PACKAGE_TARNAME "CovRegRF"
| #define PACKAGE_VERSION "2.0.0"
| #define PACKAGE_STRING "CovRegRF 2.0.0"
| #define PACKAGE_BUGREPORT "cansu.alakus@hec.ca"
| #define PACKAGE_URL ""
| /* end confdefs.h.  */
| 
| #ifndef _OPENMP
|  choke me
| #endif
| #include <omp.h>
| int main () { return omp_get_num_threads (); }
| 
configure:2634: clang -mmacosx-version-min=10.13 -o conftest -Wall -g -O2 -homp   conftest.c  >&5
clang: error: unknown argument: '-homp'
configure:2634: $? = 1
configure: failed program was:
| /* confdefs.h */
| #define PACKAGE_NAME "CovRegRF"
| #define PACKAGE_TARNAME "CovRegRF"
| #define PACKAGE_VERSION "2.0.0"
| #define PACKAGE_STRING "CovRegRF 2.0.0"
| #define PACKAGE_BUGREPORT "cansu.alakus@hec.ca"
| #define PACKAGE_URL ""
| /* end confdefs.h.  */
| 
| #ifndef _OPENMP
|  choke me
| #endif
| #include <omp.h>
| int main () { return omp_get_num_threads (); }
| 
configure:2634: clang -mmacosx-version-min=10.13 -o conftest -Wall -g -O2 -fopenmp=libomp   conftest.c  >&5
clang: error: unsupported argument 'libomp' to option 'fopenmp='
clang: error: unsupported argument 'libomp' to option 'fopenmp='
configure:2634: $? = 1
configure: failed program was:
| /* confdefs.h */
| #define PACKAGE_NAME "CovRegRF"
| #define PACKAGE_TARNAME "CovRegRF"
| #define PACKAGE_VERSION "2.0.0"
| #define PACKAGE_STRING "CovRegRF 2.0.0"
| #define PACKAGE_BUGREPORT "cansu.alakus@hec.ca"
| #define PACKAGE_URL ""
| /* end confdefs.h.  */
| 
| #ifndef _OPENMP
|  choke me
| #endif
| #include <omp.h>
| int main () { return omp_get_num_threads (); }
| 
configure:2634: clang -mmacosx-version-min=10.13 -o conftest -Wall -g -O2 -Popenmp   conftest.c  >&5
clang: error: unknown argument '-Popenmp', did you mean '-fopenmp='?
configure:2634: $? = 1
configure: failed program was:
| /* confdefs.h */
| #define PACKAGE_NAME "CovRegRF"
| #define PACKAGE_TARNAME "CovRegRF"
| #define PACKAGE_VERSION "2.0.0"
| #define PACKAGE_STRING "CovRegRF 2.0.0"
| #define PACKAGE_BUGREPORT "cansu.alakus@hec.ca"
| #define PACKAGE_URL ""
| /* end confdefs.h.  */
| 
| #ifndef _OPENMP
|  choke me
| #endif
| #include <omp.h>
| int main () { return omp_get_num_threads (); }
| 
configure:2634: clang -mmacosx-version-min=10.13 -o conftest -Wall -g -O2 --openmp   conftest.c  >&5
clang: error: unsupported option '--openmp', did you mean '-fopenmp='?
configure:2634: $? = 1
configure: failed program was:
| /* confdefs.h */
| #define PACKAGE_NAME "CovRegRF"
| #define PACKAGE_TARNAME "CovRegRF"
| #define PACKAGE_VERSION "2.0.0"
| #define PACKAGE_STRING "CovRegRF 2.0.0"
| #define PACKAGE_BUGREPORT "cansu.alakus@hec.ca"
| #define PACKAGE_URL ""
| /* end confdefs.h.  */
| 
| #ifndef _OPENMP
|  choke me
| #endif
| #include <omp.h>
| int main () { return omp_get_num_threads (); }
| 
configure:2648: result: unsupported
configure:2811: creating ./config.status

## ---------------------- ##
## Running config.status. ##
## ---------------------- ##

This file was extended by CovRegRF config.status 2.0.0, which was
generated by GNU Autoconf 2.69.  Invocation command line was

  CONFIG_FILES    = 
  CONFIG_HEADERS  = 
  CONFIG_LINKS    = 
  CONFIG_COMMANDS = 
  $ ./config.status 

on Cansus-MacBook-Pro.local

config.status:720: creating src/Makevars

## ---------------- ##
## Cache variables. ##
## ---------------- ##

ac_cv_c_compiler_gnu=yes
ac_cv_env_CC_set=
ac_cv_env_CC_value=
ac_cv_env_CFLAGS_set=
ac_cv_env_CFLAGS_value=
ac_cv_env_CPPFLAGS_set=
ac_cv_env_CPPFLAGS_value=
ac_cv_env_LDFLAGS_set=
ac_cv_env_LDFLAGS_value=
ac_cv_env_LIBS_set=
ac_cv_env_LIBS_value=
ac_cv_env_build_alias_set=
ac_cv_env_build_alias_value=
ac_cv_env_host_alias_set=
ac_cv_env_host_alias_value=
ac_cv_env_target_alias_set=
ac_cv_env_target_alias_value=
ac_cv_objext=o
ac_cv_prog_ac_ct_CC='clang -mmacosx-version-min=10.13'
ac_cv_prog_c_openmp=unsupported
ac_cv_prog_cc_c89=
ac_cv_prog_cc_g=yes

## ----------------- ##
## Output variables. ##
## ----------------- ##

CC='clang -mmacosx-version-min=10.13'
CFLAGS='-Wall -g -O2'
CPPFLAGS=''
DEFS='-DPACKAGE_NAME=\"CovRegRF\" -DPACKAGE_TARNAME=\"CovRegRF\" -DPACKAGE_VERSION=\"2.0.0\" -DPACKAGE_STRING=\"CovRegRF\ 2.0.0\" -DPACKAGE_BUGREPORT=\"cansu.alakus@hec.ca\" -DPACKAGE_URL=\"\"'
ECHO_C='\c'
ECHO_N=''
ECHO_T=''
EXEEXT=''
LDFLAGS=''
LIBOBJS=''
LIBS=''
LTLIBOBJS=''
OBJEXT='o'
OPENMP_CFLAGS=''
PACKAGE_BUGREPORT='cansu.alakus@hec.ca'
PACKAGE_NAME='CovRegRF'
PACKAGE_STRING='CovRegRF 2.0.0'
PACKAGE_TARNAME='CovRegRF'
PACKAGE_URL=''
PACKAGE_VERSION='2.0.0'
PATH_SEPARATOR=':'
SHELL='/bin/sh'
ac_ct_CC='clang -mmacosx-version-min=10.13'
bindir='${exec_prefix}/bin'
build_alias=''
datadir='${datarootdir}'
datarootdir='${prefix}/share'
docdir='${datarootdir}/doc/${PACKAGE_TARNAME}'
dvidir='${docdir}'
exec_prefix='${prefix}'
host_alias=''
htmldir='${docdir}'
includedir='${prefix}/include'
infodir='${datarootdir}/info'
libdir='${exec_prefix}/lib'
libexecdir='${exec_prefix}/libexec'
localedir='${datarootdir}/locale'
localstatedir='${prefix}/var'
mandir='${datarootdir}/man'
oldincludedir='/usr/include'
pdfdir='${docdir}'
prefix='/usr/local'
program_transform_name='s,x,x,'
psdir='${docdir}'
sbindir='${exec_prefix}/sbin'
sharedstatedir='${prefix}/com'
sysconfdir='${prefix}/etc'
target_alias=''

## ----------- ##
## confdefs.h. ##
## ----------- ##

/* confdefs.h */
#define PACKAGE_NAME "CovRegRF"
#define PACKAGE_TARNAME "CovRegRF"
#define PACKAGE_VERSION "2.0.0"
#define PACKAGE_STRING "CovRegRF 2.0.0"
#define PACKAGE_BUGREPORT "cansu.alakus@hec.ca"
#define PACKAGE_URL ""

configure: exit 0
